---------------------------------------------------------------
[ 2019-04-03T16:09:42+08:00 ] 127.0.0.1 GET /admin/login/index
[ info ] www.tp5.com/admin/login/index [运行时间：0.276045s][吞吐率：3.62req/s] [内存消耗：3,226.77kb] [文件加载：47]
[ info ] [ LANG ] F:\wamp64\www\tp8\thinkphp\lang\zh-cn.php
[ info ] [ ROUTE ] array (
  'type' => 'module',
  'module' => 
  array (
    0 => 'admin',
    1 => 'login',
    2 => 'index',
  ),
)
[ info ] [ HEADER ] array (
  'host' => 'www.tp5.com',
  'connection' => 'keep-alive',
  'purpose' => 'prefetch',
  'upgrade-insecure-requests' => '1',
  'user-agent' => 'Mozilla/5.0 (Windows NT 10.0; WOW64) AppleWebKit/537.36 (KHTML, like Gecko) Chrome/72.0.3626.81 Safari/537.36',
  'accept' => 'text/html,application/xhtml+xml,application/xml;q=0.9,image/webp,image/apng,*/*;q=0.8',
  'accept-encoding' => 'gzip, deflate',
  'accept-language' => 'zh-CN,zh;q=0.9',
  'cookie' => 'pgv_pvi=9283933184',
)
[ info ] [ PARAM ] array (
)
[ info ] [ RUN ] app\admin\controller\Login->index[ F:\wamp64\www\tp8\application\admin\controller\Login.php ]
[ info ] [ SESSION ] INIT array (
  'id' => '',
  'var_session_id' => '',
  'prefix' => 'think',
  'type' => '',
  'auto_start' => true,
)
[ info ] [ VIEW ] F:\wamp64\www\tp8\public/../application/admin\view\login\index.html [ array (
) ]
[ info ] [ LOG ] INIT File
---------------------------------------------------------------
[ 2019-04-03T16:09:43+08:00 ] 127.0.0.1 GET /admin/login/index
[ info ] www.tp5.com/admin/login/index [运行时间：0.374510s][吞吐率：2.67req/s] [内存消耗：3,226.45kb] [文件加载：47]
[ info ] [ LANG ] F:\wamp64\www\tp8\thinkphp\lang\zh-cn.php
[ info ] [ ROUTE ] array (
  'type' => 'module',
  'module' => 
  array (
    0 => 'admin',
    1 => 'login',
    2 => 'index',
  ),
)
[ info ] [ HEADER ] array (
  'host' => 'www.tp5.com',
  'connection' => 'keep-alive',
  'upgrade-insecure-requests' => '1',
  'user-agent' => 'Mozilla/5.0 (Windows NT 10.0; WOW64) AppleWebKit/537.36 (KHTML, like Gecko) Chrome/72.0.3626.81 Safari/537.36',
  'accept' => 'text/html,application/xhtml+xml,application/xml;q=0.9,image/webp,image/apng,*/*;q=0.8',
  'accept-encoding' => 'gzip, deflate',
  'accept-language' => 'zh-CN,zh;q=0.9',
  'cookie' => 'pgv_pvi=9283933184; PHPSESSID=3mr2pakdd0q4gb61fiv59ubac4',
)
[ info ] [ PARAM ] array (
)
[ info ] [ RUN ] app\admin\controller\Login->index[ F:\wamp64\www\tp8\application\admin\controller\Login.php ]
[ info ] [ SESSION ] INIT array (
  'id' => '',
  'var_session_id' => '',
  'prefix' => 'think',
  'type' => '',
  'auto_start' => true,
)
[ info ] [ VIEW ] F:\wamp64\www\tp8\public/../application/admin\view\login\index.html [ array (
) ]
[ info ] [ LOG ] INIT File
---------------------------------------------------------------
[ 2019-04-03T16:09:43+08:00 ] 127.0.0.1 GET /captcha
[ info ] www.tp5.com/captcha [运行时间：0.105439s][吞吐率：9.48req/s] [内存消耗：2,584.59kb] [文件加载：36]
[ info ] [ LANG ] F:\wamp64\www\tp8\thinkphp\lang\zh-cn.php
[ info ] [ ROUTE ] array (
  'type' => 'method',
  'method' => 
  array (
    0 => '\\think\\captcha\\CaptchaController',
    1 => 'index',
  ),
  'var' => 
  array (
  ),
)
[ info ] [ HEADER ] array (
  'host' => 'www.tp5.com',
  'connection' => 'keep-alive',
  'user-agent' => 'Mozilla/5.0 (Windows NT 10.0; WOW64) AppleWebKit/537.36 (KHTML, like Gecko) Chrome/72.0.3626.81 Safari/537.36',
  'accept' => 'image/webp,image/apng,image/*,*/*;q=0.8',
  'referer' => 'http://www.tp5.com/admin/login/index',
  'accept-encoding' => 'gzip, deflate',
  'accept-language' => 'zh-CN,zh;q=0.9',
  'cookie' => 'pgv_pvi=9283933184; PHPSESSID=3mr2pakdd0q4gb61fiv59ubac4',
)
[ info ] [ PARAM ] array (
  'id' => NULL,
)
[ info ] [ RUN ] think\captcha\CaptchaController->index[ F:\wamp64\www\tp8\vendor\topthink\think-captcha\src\CaptchaController.php ]
[ info ] [ SESSION ] INIT array (
  'id' => '',
  'var_session_id' => '',
  'prefix' => 'think',
  'type' => '',
  'auto_start' => true,
)
[ info ] [ LOG ] INIT File
---------------------------------------------------------------
[ 2019-04-03T16:09:43+08:00 ] 127.0.0.1 GET /captcha
[ info ] www.tp5.com/captcha [运行时间：0.107973s][吞吐率：9.26req/s] [内存消耗：2,584.85kb] [文件加载：36]
[ info ] [ LANG ] F:\wamp64\www\tp8\thinkphp\lang\zh-cn.php
[ info ] [ ROUTE ] array (
  'type' => 'method',
  'method' => 
  array (
    0 => '\\think\\captcha\\CaptchaController',
    1 => 'index',
  ),
  'var' => 
  array (
  ),
)
[ info ] [ HEADER ] array (
  'host' => 'www.tp5.com',
  'connection' => 'keep-alive',
  'user-agent' => 'Mozilla/5.0 (Windows NT 10.0; WOW64) AppleWebKit/537.36 (KHTML, like Gecko) Chrome/72.0.3626.81 Safari/537.36',
  'accept' => 'image/webp,image/apng,image/*,*/*;q=0.8',
  'purpose' => 'prefetch',
  'referer' => 'http://www.tp5.com/admin/login/index',
  'accept-encoding' => 'gzip, deflate',
  'accept-language' => 'zh-CN,zh;q=0.9',
  'cookie' => 'pgv_pvi=9283933184; PHPSESSID=3mr2pakdd0q4gb61fiv59ubac4',
)
[ info ] [ PARAM ] array (
  'id' => NULL,
)
[ info ] [ RUN ] think\captcha\CaptchaController->index[ F:\wamp64\www\tp8\vendor\topthink\think-captcha\src\CaptchaController.php ]
[ info ] [ SESSION ] INIT array (
  'id' => '',
  'var_session_id' => '',
  'prefix' => 'think',
  'type' => '',
  'auto_start' => true,
)
[ info ] [ LOG ] INIT File
---------------------------------------------------------------
[ 2019-04-03T16:09:51+08:00 ] 127.0.0.1 GET /admin/admin/index
[ info ] www.tp5.com/admin/admin/index [运行时间：0.100640s][吞吐率：9.94req/s] [内存消耗：2,650.34kb] [文件加载：41]
[ info ] [ LANG ] F:\wamp64\www\tp8\thinkphp\lang\zh-cn.php
[ info ] [ ROUTE ] array (
  'type' => 'module',
  'module' => 
  array (
    0 => 'admin',
    1 => 'admin',
    2 => 'index',
  ),
)
[ info ] [ HEADER ] array (
  'host' => 'www.tp5.com',
  'connection' => 'keep-alive',
  'upgrade-insecure-requests' => '1',
  'user-agent' => 'Mozilla/5.0 (Windows NT 10.0; WOW64) AppleWebKit/537.36 (KHTML, like Gecko) Chrome/72.0.3626.81 Safari/537.36',
  'accept' => 'text/html,application/xhtml+xml,application/xml;q=0.9,image/webp,image/apng,*/*;q=0.8',
  'accept-encoding' => 'gzip, deflate',
  'accept-language' => 'zh-CN,zh;q=0.9',
  'cookie' => 'pgv_pvi=9283933184; PHPSESSID=3mr2pakdd0q4gb61fiv59ubac4',
)
[ info ] [ PARAM ] array (
)
[ info ] [ LOG ] INIT File
---------------------------------------------------------------
[ 2019-04-03T16:10:00+08:00 ] 127.0.0.1 GET /admin/index/index
[ info ] www.tp5.com/admin/index/index [运行时间：0.082452s][吞吐率：12.13req/s] [内存消耗：3,165.86kb] [文件加载：48]
[ info ] [ LANG ] F:\wamp64\www\tp8\thinkphp\lang\zh-cn.php
[ info ] [ ROUTE ] array (
  'type' => 'module',
  'module' => 
  array (
    0 => 'admin',
    1 => 'index',
    2 => 'index',
  ),
)
[ info ] [ HEADER ] array (
  'host' => 'www.tp5.com',
  'connection' => 'keep-alive',
  'upgrade-insecure-requests' => '1',
  'user-agent' => 'Mozilla/5.0 (Windows NT 10.0; WOW64) AppleWebKit/537.36 (KHTML, like Gecko) Chrome/72.0.3626.81 Safari/537.36',
  'accept' => 'text/html,application/xhtml+xml,application/xml;q=0.9,image/webp,image/apng,*/*;q=0.8',
  'accept-encoding' => 'gzip, deflate',
  'accept-language' => 'zh-CN,zh;q=0.9',
  'cookie' => 'pgv_pvi=9283933184; PHPSESSID=3mr2pakdd0q4gb61fiv59ubac4',
)
[ info ] [ PARAM ] array (
)
[ info ] [ RUN ] app\admin\controller\Index->index[ F:\wamp64\www\tp8\application\admin\controller\Index.php ]
[ info ] [ LOG ] INIT File
[ error ] [0]模板文件不存在:F:\wamp64\www\tp8\public/../application/admin\view\index\index.html[F:\wamp64\www\tp8\thinkphp\library\think\view\driver\Think.php:82]
---------------------------------------------------------------
[ 2019-04-03T16:10:09+08:00 ] 127.0.0.1 GET /index.php/admin/goods/index
[ info ] www.tp5.com/index.php/admin/goods/index [运行时间：0.080719s][吞吐率：12.39req/s] [内存消耗：3,259.32kb] [文件加载：48]
[ info ] [ LANG ] F:\wamp64\www\tp8\thinkphp\lang\zh-cn.php
[ info ] [ ROUTE ] array (
  'type' => 'module',
  'module' => 
  array (
    0 => 'admin',
    1 => 'goods',
    2 => 'index',
  ),
)
[ info ] [ HEADER ] array (
  'host' => 'www.tp5.com',
  'connection' => 'keep-alive',
  'upgrade-insecure-requests' => '1',
  'user-agent' => 'Mozilla/5.0 (Windows NT 10.0; WOW64) AppleWebKit/537.36 (KHTML, like Gecko) Chrome/72.0.3626.81 Safari/537.36',
  'accept' => 'text/html,application/xhtml+xml,application/xml;q=0.9,image/webp,image/apng,*/*;q=0.8',
  'accept-encoding' => 'gzip, deflate',
  'accept-language' => 'zh-CN,zh;q=0.9',
  'cookie' => 'pgv_pvi=9283933184; PHPSESSID=3mr2pakdd0q4gb61fiv59ubac4',
)
[ info ] [ PARAM ] array (
)
[ info ] [ RUN ] app\admin\controller\Goods->index[ F:\wamp64\www\tp8\application\admin\controller\Goods.php ]
[ info ] [ SESSION ] INIT array (
  'id' => '',
  'var_session_id' => '',
  'prefix' => 'think',
  'type' => '',
  'auto_start' => true,
)
[ info ] [ VIEW ] F:\wamp64\www\tp8\thinkphp\tpl\dispatch_jump.tpl [ array (
  0 => 'code',
  1 => 'msg',
  2 => 'data',
  3 => 'url',
  4 => 'wait',
) ]
[ info ] [ LOG ] INIT File
---------------------------------------------------------------
[ 2019-04-03T16:10:11+08:00 ] 127.0.0.1 GET /index.php/admin/login/index.html
[ info ] www.tp5.com/index.php/admin/login/index.html [运行时间：0.067991s][吞吐率：14.71req/s] [内存消耗：3,227.23kb] [文件加载：47]
[ info ] [ LANG ] F:\wamp64\www\tp8\thinkphp\lang\zh-cn.php
[ info ] [ ROUTE ] array (
  'type' => 'module',
  'module' => 
  array (
    0 => 'admin',
    1 => 'login',
    2 => 'index',
  ),
)
[ info ] [ HEADER ] array (
  'host' => 'www.tp5.com',
  'connection' => 'keep-alive',
  'upgrade-insecure-requests' => '1',
  'user-agent' => 'Mozilla/5.0 (Windows NT 10.0; WOW64) AppleWebKit/537.36 (KHTML, like Gecko) Chrome/72.0.3626.81 Safari/537.36',
  'accept' => 'text/html,application/xhtml+xml,application/xml;q=0.9,image/webp,image/apng,*/*;q=0.8',
  'referer' => 'http://www.tp5.com/index.php/admin/goods/index',
  'accept-encoding' => 'gzip, deflate',
  'accept-language' => 'zh-CN,zh;q=0.9',
  'cookie' => 'pgv_pvi=9283933184; PHPSESSID=3mr2pakdd0q4gb61fiv59ubac4',
)
[ info ] [ PARAM ] array (
)
[ info ] [ RUN ] app\admin\controller\Login->index[ F:\wamp64\www\tp8\application\admin\controller\Login.php ]
[ info ] [ SESSION ] INIT array (
  'id' => '',
  'var_session_id' => '',
  'prefix' => 'think',
  'type' => '',
  'auto_start' => true,
)
[ info ] [ VIEW ] F:\wamp64\www\tp8\public/../application/admin\view\login\index.html [ array (
) ]
[ info ] [ LOG ] INIT File
---------------------------------------------------------------
[ 2019-04-03T16:10:11+08:00 ] 127.0.0.1 GET /captcha
[ info ] www.tp5.com/captcha [运行时间：0.081441s][吞吐率：12.28req/s] [内存消耗：2,584.61kb] [文件加载：36]
[ info ] [ LANG ] F:\wamp64\www\tp8\thinkphp\lang\zh-cn.php
[ info ] [ ROUTE ] array (
  'type' => 'method',
  'method' => 
  array (
    0 => '\\think\\captcha\\CaptchaController',
    1 => 'index',
  ),
  'var' => 
  array (
  ),
)
[ info ] [ HEADER ] array (
  'host' => 'www.tp5.com',
  'connection' => 'keep-alive',
  'user-agent' => 'Mozilla/5.0 (Windows NT 10.0; WOW64) AppleWebKit/537.36 (KHTML, like Gecko) Chrome/72.0.3626.81 Safari/537.36',
  'accept' => 'image/webp,image/apng,image/*,*/*;q=0.8',
  'referer' => 'http://www.tp5.com/index.php/admin/login/index.html',
  'accept-encoding' => 'gzip, deflate',
  'accept-language' => 'zh-CN,zh;q=0.9',
  'cookie' => 'pgv_pvi=9283933184; PHPSESSID=3mr2pakdd0q4gb61fiv59ubac4',
)
[ info ] [ PARAM ] array (
  'id' => NULL,
)
[ info ] [ RUN ] think\captcha\CaptchaController->index[ F:\wamp64\www\tp8\vendor\topthink\think-captcha\src\CaptchaController.php ]
[ info ] [ SESSION ] INIT array (
  'id' => '',
  'var_session_id' => '',
  'prefix' => 'think',
  'type' => '',
  'auto_start' => true,
)
[ info ] [ LOG ] INIT File
---------------------------------------------------------------
[ 2019-04-03T16:10:15+08:00 ] 127.0.0.1 GET /captcha
[ info ] www.tp5.com/captcha [运行时间：0.045576s][吞吐率：21.94req/s] [内存消耗：2,584.70kb] [文件加载：36]
[ info ] [ LANG ] F:\wamp64\www\tp8\thinkphp\lang\zh-cn.php
[ info ] [ ROUTE ] array (
  'type' => 'method',
  'method' => 
  array (
    0 => '\\think\\captcha\\CaptchaController',
    1 => 'index',
  ),
  'var' => 
  array (
  ),
)
[ info ] [ HEADER ] array (
  'host' => 'www.tp5.com',
  'connection' => 'keep-alive',
  'user-agent' => 'Mozilla/5.0 (Windows NT 10.0; WOW64) AppleWebKit/537.36 (KHTML, like Gecko) Chrome/72.0.3626.81 Safari/537.36',
  'accept' => 'image/webp,image/apng,image/*,*/*;q=0.8',
  'referer' => 'http://www.tp5.com/index.php/admin/login/index.html',
  'accept-encoding' => 'gzip, deflate',
  'accept-language' => 'zh-CN,zh;q=0.9',
  'cookie' => 'pgv_pvi=9283933184; PHPSESSID=3mr2pakdd0q4gb61fiv59ubac4',
)
[ info ] [ PARAM ] array (
  'id' => NULL,
)
[ info ] [ RUN ] think\captcha\CaptchaController->index[ F:\wamp64\www\tp8\vendor\topthink\think-captcha\src\CaptchaController.php ]
[ info ] [ SESSION ] INIT array (
  'id' => '',
  'var_session_id' => '',
  'prefix' => 'think',
  'type' => '',
  'auto_start' => true,
)
[ info ] [ LOG ] INIT File
---------------------------------------------------------------
[ 2019-04-03T16:10:19+08:00 ] 127.0.0.1 POST /index.php/admin/login/login.html
[ info ] www.tp5.com/index.php/admin/login/login.html [运行时间：0.051651s][吞吐率：19.36req/s] [内存消耗：3,125.13kb] [文件加载：44]
[ info ] [ LANG ] F:\wamp64\www\tp8\thinkphp\lang\zh-cn.php
[ info ] [ ROUTE ] array (
  'type' => 'module',
  'module' => 
  array (
    0 => 'admin',
    1 => 'login',
    2 => 'login',
  ),
)
[ info ] [ HEADER ] array (
  'host' => 'www.tp5.com',
  'connection' => 'keep-alive',
  'content-length' => '51',
  'accept' => '*/*',
  'origin' => 'http://www.tp5.com',
  'x-requested-with' => 'XMLHttpRequest',
  'user-agent' => 'Mozilla/5.0 (Windows NT 10.0; WOW64) AppleWebKit/537.36 (KHTML, like Gecko) Chrome/72.0.3626.81 Safari/537.36',
  'content-type' => 'application/x-www-form-urlencoded; charset=UTF-8',
  'referer' => 'http://www.tp5.com/index.php/admin/login/index.html',
  'accept-encoding' => 'gzip, deflate',
  'accept-language' => 'zh-CN,zh;q=0.9',
  'cookie' => 'thinkphp_show_page_trace=0|0; pgv_pvi=9283933184; PHPSESSID=3mr2pakdd0q4gb61fiv59ubac4',
)
[ info ] [ PARAM ] array (
  'admin_name' => 'admin',
  'admin_password' => '123456',
  'verify' => 'dmnum',
)
[ info ] [ RUN ] app\admin\controller\Login->login[ F:\wamp64\www\tp8\application\admin\controller\Login.php ]
[ info ] [ SESSION ] INIT array (
  'id' => '',
  'var_session_id' => '',
  'prefix' => 'think',
  'type' => '',
  'auto_start' => true,
)
[ info ] [ LOG ] INIT File
---------------------------------------------------------------
[ 2019-04-03T16:10:20+08:00 ] 127.0.0.1 GET /captcha
[ info ] www.tp5.com/captcha [运行时间：0.048709s][吞吐率：20.53req/s] [内存消耗：2,584.68kb] [文件加载：36]
[ info ] [ LANG ] F:\wamp64\www\tp8\thinkphp\lang\zh-cn.php
[ info ] [ ROUTE ] array (
  'type' => 'method',
  'method' => 
  array (
    0 => '\\think\\captcha\\CaptchaController',
    1 => 'index',
  ),
  'var' => 
  array (
  ),
)
[ info ] [ HEADER ] array (
  'host' => 'www.tp5.com',
  'connection' => 'keep-alive',
  'user-agent' => 'Mozilla/5.0 (Windows NT 10.0; WOW64) AppleWebKit/537.36 (KHTML, like Gecko) Chrome/72.0.3626.81 Safari/537.36',
  'accept' => 'image/webp,image/apng,image/*,*/*;q=0.8',
  'referer' => 'http://www.tp5.com/index.php/admin/login/index.html',
  'accept-encoding' => 'gzip, deflate',
  'accept-language' => 'zh-CN,zh;q=0.9',
  'cookie' => 'pgv_pvi=9283933184; PHPSESSID=3mr2pakdd0q4gb61fiv59ubac4',
)
[ info ] [ PARAM ] array (
  'id' => NULL,
)
[ info ] [ RUN ] think\captcha\CaptchaController->index[ F:\wamp64\www\tp8\vendor\topthink\think-captcha\src\CaptchaController.php ]
[ info ] [ SESSION ] INIT array (
  'id' => '',
  'var_session_id' => '',
  'prefix' => 'think',
  'type' => '',
  'auto_start' => true,
)
[ info ] [ LOG ] INIT File
---------------------------------------------------------------
[ 2019-04-03T16:10:25+08:00 ] 127.0.0.1 POST /index.php/admin/login/login.html
[ info ] www.tp5.com/index.php/admin/login/login.html [运行时间：0.078038s][吞吐率：12.81req/s] [内存消耗：4,498.73kb] [文件加载：50]
[ info ] [ LANG ] F:\wamp64\www\tp8\thinkphp\lang\zh-cn.php
[ info ] [ ROUTE ] array (
  'type' => 'module',
  'module' => 
  array (
    0 => 'admin',
    1 => 'login',
    2 => 'login',
  ),
)
[ info ] [ HEADER ] array (
  'host' => 'www.tp5.com',
  'connection' => 'keep-alive',
  'content-length' => '51',
  'accept' => '*/*',
  'origin' => 'http://www.tp5.com',
  'x-requested-with' => 'XMLHttpRequest',
  'user-agent' => 'Mozilla/5.0 (Windows NT 10.0; WOW64) AppleWebKit/537.36 (KHTML, like Gecko) Chrome/72.0.3626.81 Safari/537.36',
  'content-type' => 'application/x-www-form-urlencoded; charset=UTF-8',
  'referer' => 'http://www.tp5.com/index.php/admin/login/index.html',
  'accept-encoding' => 'gzip, deflate',
  'accept-language' => 'zh-CN,zh;q=0.9',
  'cookie' => 'thinkphp_show_page_trace=0|0; pgv_pvi=9283933184; PHPSESSID=3mr2pakdd0q4gb61fiv59ubac4',
)
[ info ] [ PARAM ] array (
  'admin_name' => 'admin',
  'admin_password' => '123456',
  'verify' => 'u7kwu',
)
[ info ] [ RUN ] app\admin\controller\Login->login[ F:\wamp64\www\tp8\application\admin\controller\Login.php ]
[ info ] [ SESSION ] INIT array (
  'id' => '',
  'var_session_id' => '',
  'prefix' => 'think',
  'type' => '',
  'auto_start' => true,
)
[ info ] [ DB ] INIT mysql
[ info ] [ LOG ] INIT File
[ sql ] [ DB ] CONNECT:[ UseTime:0.004118s ] mysql:host=127.0.0.1;dbname=tp5;charset=utf8
[ sql ] [ SQL ] SHOW COLUMNS FROM `shop_admin` [ RunTime:0.006814s ]
[ sql ] [ SQL ] SELECT * FROM `shop_admin` WHERE  `admin_name` = 'admin'  AND `admin_password` = '123456' LIMIT 1 [ RunTime:0.001048s ]
---------------------------------------------------------------
[ 2019-04-03T16:10:25+08:00 ] 127.0.0.1 GET /index.php/admin/goods/index.html
[ info ] www.tp5.com/index.php/admin/goods/index.html [运行时间：0.112813s][吞吐率：8.86req/s] [内存消耗：4,814.66kb] [文件加载：56]
[ info ] [ LANG ] F:\wamp64\www\tp8\thinkphp\lang\zh-cn.php
[ info ] [ ROUTE ] array (
  'type' => 'module',
  'module' => 
  array (
    0 => 'admin',
    1 => 'goods',
    2 => 'index',
  ),
)
[ info ] [ HEADER ] array (
  'host' => 'www.tp5.com',
  'connection' => 'keep-alive',
  'upgrade-insecure-requests' => '1',
  'user-agent' => 'Mozilla/5.0 (Windows NT 10.0; WOW64) AppleWebKit/537.36 (KHTML, like Gecko) Chrome/72.0.3626.81 Safari/537.36',
  'accept' => 'text/html,application/xhtml+xml,application/xml;q=0.9,image/webp,image/apng,*/*;q=0.8',
  'referer' => 'http://www.tp5.com/index.php/admin/login/index.html',
  'accept-encoding' => 'gzip, deflate',
  'accept-language' => 'zh-CN,zh;q=0.9',
  'cookie' => 'thinkphp_show_page_trace=0|0; pgv_pvi=9283933184; PHPSESSID=3mr2pakdd0q4gb61fiv59ubac4',
)
[ info ] [ PARAM ] array (
)
[ info ] [ RUN ] app\admin\controller\Goods->index[ F:\wamp64\www\tp8\application\admin\controller\Goods.php ]
[ info ] [ SESSION ] INIT array (
  'id' => '',
  'var_session_id' => '',
  'prefix' => 'think',
  'type' => '',
  'auto_start' => true,
)
[ info ] [ DB ] INIT mysql
[ info ] [ VIEW ] F:\wamp64\www\tp8\public/../application/admin\view\goods\index.html [ array (
  0 => 'goods',
) ]
[ info ] [ LOG ] INIT File
[ sql ] [ DB ] CONNECT:[ UseTime:0.001790s ] mysql:host=127.0.0.1;dbname=tp5;charset=utf8
[ sql ] [ SQL ] SHOW COLUMNS FROM `shop_Goods` [ RunTime:0.003026s ]
[ sql ] [ SQL ] SELECT COUNT(*) AS tp_count FROM `shop_Goods` LIMIT 1 [ RunTime:0.000437s ]
[ sql ] [ SQL ] SELECT * FROM `shop_Goods` LIMIT 0,5 [ RunTime:0.002090s ]
---------------------------------------------------------------
[ 2019-04-03T16:10:27+08:00 ] 127.0.0.1 GET /index.php/admin/goods/goods_add.html
[ info ] www.tp5.com/index.php/admin/goods/goods_add.html [运行时间：0.067856s][吞吐率：14.74req/s] [内存消耗：3,247.62kb] [文件加载：47]
[ info ] [ LANG ] F:\wamp64\www\tp8\thinkphp\lang\zh-cn.php
[ info ] [ ROUTE ] array (
  'type' => 'module',
  'module' => 
  array (
    0 => 'admin',
    1 => 'goods',
    2 => 'goods_add',
  ),
)
[ info ] [ HEADER ] array (
  'host' => 'www.tp5.com',
  'connection' => 'keep-alive',
  'upgrade-insecure-requests' => '1',
  'user-agent' => 'Mozilla/5.0 (Windows NT 10.0; WOW64) AppleWebKit/537.36 (KHTML, like Gecko) Chrome/72.0.3626.81 Safari/537.36',
  'accept' => 'text/html,application/xhtml+xml,application/xml;q=0.9,image/webp,image/apng,*/*;q=0.8',
  'referer' => 'http://www.tp5.com/index.php/admin/goods/index.html',
  'accept-encoding' => 'gzip, deflate',
  'accept-language' => 'zh-CN,zh;q=0.9',
  'cookie' => 'thinkphp_show_page_trace=0|0; pgv_pvi=9283933184; PHPSESSID=3mr2pakdd0q4gb61fiv59ubac4',
)
[ info ] [ PARAM ] array (
)
[ info ] [ RUN ] app\admin\controller\Goods->goods_add[ F:\wamp64\www\tp8\application\admin\controller\Goods.php ]
[ info ] [ VIEW ] F:\wamp64\www\tp8\public/../application/admin\view\goods\goods_add.html [ array (
) ]
[ info ] [ LOG ] INIT File
---------------------------------------------------------------
[ 2019-04-03T16:10:28+08:00 ] 127.0.0.1 GET /index.php/admin/goods/index.html
[ info ] www.tp5.com/index.php/admin/goods/index.html [运行时间：0.106065s][吞吐率：9.43req/s] [内存消耗：4,814.59kb] [文件加载：56]
[ info ] [ LANG ] F:\wamp64\www\tp8\thinkphp\lang\zh-cn.php
[ info ] [ ROUTE ] array (
  'type' => 'module',
  'module' => 
  array (
    0 => 'admin',
    1 => 'goods',
    2 => 'index',
  ),
)
[ info ] [ HEADER ] array (
  'host' => 'www.tp5.com',
  'connection' => 'keep-alive',
  'upgrade-insecure-requests' => '1',
  'user-agent' => 'Mozilla/5.0 (Windows NT 10.0; WOW64) AppleWebKit/537.36 (KHTML, like Gecko) Chrome/72.0.3626.81 Safari/537.36',
  'accept' => 'text/html,application/xhtml+xml,application/xml;q=0.9,image/webp,image/apng,*/*;q=0.8',
  'referer' => 'http://www.tp5.com/index.php/admin/goods/goods_add.html',
  'accept-encoding' => 'gzip, deflate',
  'accept-language' => 'zh-CN,zh;q=0.9',
  'cookie' => 'thinkphp_show_page_trace=0|0; pgv_pvi=9283933184; PHPSESSID=3mr2pakdd0q4gb61fiv59ubac4',
)
[ info ] [ PARAM ] array (
)
[ info ] [ RUN ] app\admin\controller\Goods->index[ F:\wamp64\www\tp8\application\admin\controller\Goods.php ]
[ info ] [ SESSION ] INIT array (
  'id' => '',
  'var_session_id' => '',
  'prefix' => 'think',
  'type' => '',
  'auto_start' => true,
)
[ info ] [ DB ] INIT mysql
[ info ] [ VIEW ] F:\wamp64\www\tp8\public/../application/admin\view\goods\index.html [ array (
  0 => 'goods',
) ]
[ info ] [ LOG ] INIT File
[ sql ] [ DB ] CONNECT:[ UseTime:0.002233s ] mysql:host=127.0.0.1;dbname=tp5;charset=utf8
[ sql ] [ SQL ] SHOW COLUMNS FROM `shop_Goods` [ RunTime:0.001876s ]
[ sql ] [ SQL ] SELECT COUNT(*) AS tp_count FROM `shop_Goods` LIMIT 1 [ RunTime:0.000454s ]
[ sql ] [ SQL ] SELECT * FROM `shop_Goods` LIMIT 0,5 [ RunTime:0.000587s ]
---------------------------------------------------------------
[ 2019-04-03T16:10:29+08:00 ] 127.0.0.1 GET /index.php/admin/goods/index.html?page=7
[ info ] www.tp5.com/index.php/admin/goods/index.html?page=7 [运行时间：0.094998s][吞吐率：10.53req/s] [内存消耗：4,813.95kb] [文件加载：56]
[ info ] [ LANG ] F:\wamp64\www\tp8\thinkphp\lang\zh-cn.php
[ info ] [ ROUTE ] array (
  'type' => 'module',
  'module' => 
  array (
    0 => 'admin',
    1 => 'goods',
    2 => 'index',
  ),
)
[ info ] [ HEADER ] array (
  'host' => 'www.tp5.com',
  'connection' => 'keep-alive',
  'upgrade-insecure-requests' => '1',
  'user-agent' => 'Mozilla/5.0 (Windows NT 10.0; WOW64) AppleWebKit/537.36 (KHTML, like Gecko) Chrome/72.0.3626.81 Safari/537.36',
  'accept' => 'text/html,application/xhtml+xml,application/xml;q=0.9,image/webp,image/apng,*/*;q=0.8',
  'referer' => 'http://www.tp5.com/index.php/admin/goods/index.html',
  'accept-encoding' => 'gzip, deflate',
  'accept-language' => 'zh-CN,zh;q=0.9',
  'cookie' => 'thinkphp_show_page_trace=0|0; pgv_pvi=9283933184; PHPSESSID=3mr2pakdd0q4gb61fiv59ubac4',
)
[ info ] [ PARAM ] array (
  'page' => '7',
)
[ info ] [ RUN ] app\admin\controller\Goods->index[ F:\wamp64\www\tp8\application\admin\controller\Goods.php ]
[ info ] [ SESSION ] INIT array (
  'id' => '',
  'var_session_id' => '',
  'prefix' => 'think',
  'type' => '',
  'auto_start' => true,
)
[ info ] [ DB ] INIT mysql
[ info ] [ VIEW ] F:\wamp64\www\tp8\public/../application/admin\view\goods\index.html [ array (
  0 => 'goods',
) ]
[ info ] [ LOG ] INIT File
[ sql ] [ DB ] CONNECT:[ UseTime:0.001795s ] mysql:host=127.0.0.1;dbname=tp5;charset=utf8
[ sql ] [ SQL ] SHOW COLUMNS FROM `shop_Goods` [ RunTime:0.001768s ]
[ sql ] [ SQL ] SELECT COUNT(*) AS tp_count FROM `shop_Goods` LIMIT 1 [ RunTime:0.000449s ]
[ sql ] [ SQL ] SELECT * FROM `shop_Goods` LIMIT 30,5 [ RunTime:0.000548s ]
---------------------------------------------------------------
[ 2019-04-03T16:10:30+08:00 ] 127.0.0.1 GET /index.php/admin/goods/index.html?page=2
[ info ] www.tp5.com/index.php/admin/goods/index.html?page=2 [运行时间：0.092175s][吞吐率：10.85req/s] [内存消耗：4,814.69kb] [文件加载：56]
[ info ] [ LANG ] F:\wamp64\www\tp8\thinkphp\lang\zh-cn.php
[ info ] [ ROUTE ] array (
  'type' => 'module',
  'module' => 
  array (
    0 => 'admin',
    1 => 'goods',
    2 => 'index',
  ),
)
[ info ] [ HEADER ] array (
  'host' => 'www.tp5.com',
  'connection' => 'keep-alive',
  'upgrade-insecure-requests' => '1',
  'user-agent' => 'Mozilla/5.0 (Windows NT 10.0; WOW64) AppleWebKit/537.36 (KHTML, like Gecko) Chrome/72.0.3626.81 Safari/537.36',
  'accept' => 'text/html,application/xhtml+xml,application/xml;q=0.9,image/webp,image/apng,*/*;q=0.8',
  'referer' => 'http://www.tp5.com/index.php/admin/goods/index.html?page=7',
  'accept-encoding' => 'gzip, deflate',
  'accept-language' => 'zh-CN,zh;q=0.9',
  'cookie' => 'thinkphp_show_page_trace=0|0; pgv_pvi=9283933184; PHPSESSID=3mr2pakdd0q4gb61fiv59ubac4',
)
[ info ] [ PARAM ] array (
  'page' => '2',
)
[ info ] [ RUN ] app\admin\controller\Goods->index[ F:\wamp64\www\tp8\application\admin\controller\Goods.php ]
[ info ] [ SESSION ] INIT array (
  'id' => '',
  'var_session_id' => '',
  'prefix' => 'think',
  'type' => '',
  'auto_start' => true,
)
[ info ] [ DB ] INIT mysql
[ info ] [ VIEW ] F:\wamp64\www\tp8\public/../application/admin\view\goods\index.html [ array (
  0 => 'goods',
) ]
[ info ] [ LOG ] INIT File
[ sql ] [ DB ] CONNECT:[ UseTime:0.001947s ] mysql:host=127.0.0.1;dbname=tp5;charset=utf8
[ sql ] [ SQL ] SHOW COLUMNS FROM `shop_Goods` [ RunTime:0.001881s ]
[ sql ] [ SQL ] SELECT COUNT(*) AS tp_count FROM `shop_Goods` LIMIT 1 [ RunTime:0.000396s ]
[ sql ] [ SQL ] SELECT * FROM `shop_Goods` LIMIT 5,5 [ RunTime:0.000448s ]
---------------------------------------------------------------
[ 2019-04-03T16:10:31+08:00 ] 127.0.0.1 GET /index.php/admin/goods/index.html?page=1
[ info ] www.tp5.com/index.php/admin/goods/index.html?page=1 [运行时间：0.094072s][吞吐率：10.63req/s] [内存消耗：4,814.58kb] [文件加载：56]
[ info ] [ LANG ] F:\wamp64\www\tp8\thinkphp\lang\zh-cn.php
[ info ] [ ROUTE ] array (
  'type' => 'module',
  'module' => 
  array (
    0 => 'admin',
    1 => 'goods',
    2 => 'index',
  ),
)
[ info ] [ HEADER ] array (
  'host' => 'www.tp5.com',
  'connection' => 'keep-alive',
  'upgrade-insecure-requests' => '1',
  'user-agent' => 'Mozilla/5.0 (Windows NT 10.0; WOW64) AppleWebKit/537.36 (KHTML, like Gecko) Chrome/72.0.3626.81 Safari/537.36',
  'accept' => 'text/html,application/xhtml+xml,application/xml;q=0.9,image/webp,image/apng,*/*;q=0.8',
  'referer' => 'http://www.tp5.com/index.php/admin/goods/index.html?page=2',
  'accept-encoding' => 'gzip, deflate',
  'accept-language' => 'zh-CN,zh;q=0.9',
  'cookie' => 'thinkphp_show_page_trace=0|0; pgv_pvi=9283933184; PHPSESSID=3mr2pakdd0q4gb61fiv59ubac4',
)
[ info ] [ PARAM ] array (
  'page' => '1',
)
[ info ] [ RUN ] app\admin\controller\Goods->index[ F:\wamp64\www\tp8\application\admin\controller\Goods.php ]
[ info ] [ SESSION ] INIT array (
  'id' => '',
  'var_session_id' => '',
  'prefix' => 'think',
  'type' => '',
  'auto_start' => true,
)
[ info ] [ DB ] INIT mysql
[ info ] [ VIEW ] F:\wamp64\www\tp8\public/../application/admin\view\goods\index.html [ array (
  0 => 'goods',
) ]
[ info ] [ LOG ] INIT File
[ sql ] [ DB ] CONNECT:[ UseTime:0.001832s ] mysql:host=127.0.0.1;dbname=tp5;charset=utf8
[ sql ] [ SQL ] SHOW COLUMNS FROM `shop_Goods` [ RunTime:0.001291s ]
[ sql ] [ SQL ] SELECT COUNT(*) AS tp_count FROM `shop_Goods` LIMIT 1 [ RunTime:0.000478s ]
[ sql ] [ SQL ] SELECT * FROM `shop_Goods` LIMIT 0,5 [ RunTime:0.000515s ]
---------------------------------------------------------------
[ 2019-04-03T19:06:13+08:00 ] 127.0.0.1 GET /index.php/admin/goods/goods_add.html
[ info ] www.tp5.com/index.php/admin/goods/goods_add.html [运行时间：0.078035s][吞吐率：12.81req/s] [内存消耗：3,247.51kb] [文件加载：47]
[ info ] [ LANG ] F:\wamp64\www\tp8\thinkphp\lang\zh-cn.php
[ info ] [ ROUTE ] array (
  'type' => 'module',
  'module' => 
  array (
    0 => 'admin',
    1 => 'goods',
    2 => 'goods_add',
  ),
)
[ info ] [ HEADER ] array (
  'host' => 'www.tp5.com',
  'connection' => 'keep-alive',
  'upgrade-insecure-requests' => '1',
  'user-agent' => 'Mozilla/5.0 (Windows NT 10.0; WOW64) AppleWebKit/537.36 (KHTML, like Gecko) Chrome/72.0.3626.81 Safari/537.36',
  'accept' => 'text/html,application/xhtml+xml,application/xml;q=0.9,image/webp,image/apng,*/*;q=0.8',
  'referer' => 'http://www.tp5.com/index.php/admin/goods/index.html?page=1',
  'accept-encoding' => 'gzip, deflate',
  'accept-language' => 'zh-CN,zh;q=0.9',
  'cookie' => 'thinkphp_show_page_trace=0|0; pgv_pvi=9283933184; PHPSESSID=3mr2pakdd0q4gb61fiv59ubac4',
)
[ info ] [ PARAM ] array (
)
[ info ] [ RUN ] app\admin\controller\Goods->goods_add[ F:\wamp64\www\tp8\application\admin\controller\Goods.php ]
[ info ] [ VIEW ] F:\wamp64\www\tp8\public/../application/admin\view\goods\goods_add.html [ array (
) ]
[ info ] [ LOG ] INIT File
