---------------------------------------------------------------
[ 2019-03-21T20:56:36+08:00 ] 127.0.0.1 GET /admin/login/index
[ info ] www.tp5.com/admin/login/index [运行时间：0.139732s][吞吐率：7.16req/s] [内存消耗：3,227.09kb] [文件加载：47]
[ info ] [ LANG ] F:\wamp64\www\tp8\thinkphp\lang\zh-cn.php
[ info ] [ ROUTE ] array (
  'type' => 'module',
  'module' => 
  array (
    0 => 'admin',
    1 => 'login',
    2 => 'index',
  ),
)
[ info ] [ HEADER ] array (
  'host' => 'www.tp5.com',
  'connection' => 'keep-alive',
  'upgrade-insecure-requests' => '1',
  'user-agent' => 'Mozilla/5.0 (Windows NT 10.0; WOW64) AppleWebKit/537.36 (KHTML, like Gecko) Chrome/58.0.3029.110 Safari/537.36 SE 2.X MetaSr 1.0',
  'accept' => 'text/html,application/xhtml+xml,application/xml;q=0.9,image/webp,*/*;q=0.8',
  'accept-encoding' => 'gzip, deflate, sdch',
  'accept-language' => 'zh-CN,zh;q=0.8',
  'cookie' => 'thinkphp_show_page_trace=0|0; PHPSESSID=1aghmhnotmi5gkh635utj40of7',
)
[ info ] [ PARAM ] array (
)
[ info ] [ RUN ] app\admin\controller\Login->index[ F:\wamp64\www\tp8\application\admin\controller\Login.php ]
[ info ] [ SESSION ] INIT array (
  'id' => '',
  'var_session_id' => '',
  'prefix' => 'think',
  'type' => '',
  'auto_start' => true,
)
[ info ] [ VIEW ] F:\wamp64\www\tp8\public/../application/admin\view\login\index.html [ array (
) ]
[ info ] [ LOG ] INIT File
---------------------------------------------------------------
[ 2019-03-21T20:56:36+08:00 ] 127.0.0.1 GET /captcha
[ info ] www.tp5.com/captcha [运行时间：0.071468s][吞吐率：13.99req/s] [内存消耗：2,584.57kb] [文件加载：36]
[ info ] [ LANG ] F:\wamp64\www\tp8\thinkphp\lang\zh-cn.php
[ info ] [ ROUTE ] array (
  'type' => 'method',
  'method' => 
  array (
    0 => '\\think\\captcha\\CaptchaController',
    1 => 'index',
  ),
  'var' => 
  array (
  ),
)
[ info ] [ HEADER ] array (
  'host' => 'www.tp5.com',
  'connection' => 'keep-alive',
  'user-agent' => 'Mozilla/5.0 (Windows NT 10.0; WOW64) AppleWebKit/537.36 (KHTML, like Gecko) Chrome/58.0.3029.110 Safari/537.36 SE 2.X MetaSr 1.0',
  'accept' => 'image/webp,image/*,*/*;q=0.8',
  'referer' => 'http://www.tp5.com/admin/login/index',
  'accept-encoding' => 'gzip, deflate, sdch',
  'accept-language' => 'zh-CN,zh;q=0.8',
  'cookie' => 'PHPSESSID=1aghmhnotmi5gkh635utj40of7',
)
[ info ] [ PARAM ] array (
  'id' => NULL,
)
[ info ] [ RUN ] think\captcha\CaptchaController->index[ F:\wamp64\www\tp8\vendor\topthink\think-captcha\src\CaptchaController.php ]
[ info ] [ SESSION ] INIT array (
  'id' => '',
  'var_session_id' => '',
  'prefix' => 'think',
  'type' => '',
  'auto_start' => true,
)
[ info ] [ LOG ] INIT File
---------------------------------------------------------------
[ 2019-03-21T21:50:57+08:00 ] 127.0.0.1 GET /admin/login/index
[ info ] www.tp5.com/admin/login/index [运行时间：0.082375s][吞吐率：12.14req/s] [内存消耗：3,226.80kb] [文件加载：47]
[ info ] [ LANG ] F:\wamp64\www\tp8\thinkphp\lang\zh-cn.php
[ info ] [ ROUTE ] array (
  'type' => 'module',
  'module' => 
  array (
    0 => 'admin',
    1 => 'login',
    2 => 'index',
  ),
)
[ info ] [ HEADER ] array (
  'host' => 'www.tp5.com',
  'connection' => 'keep-alive',
  'purpose' => 'prefetch',
  'upgrade-insecure-requests' => '1',
  'user-agent' => 'Mozilla/5.0 (Windows NT 10.0; WOW64) AppleWebKit/537.36 (KHTML, like Gecko) Chrome/72.0.3626.81 Safari/537.36',
  'accept' => 'text/html,application/xhtml+xml,application/xml;q=0.9,image/webp,image/apng,*/*;q=0.8',
  'accept-encoding' => 'gzip, deflate',
  'accept-language' => 'zh-CN,zh;q=0.9',
  'cookie' => 'pgv_pvi=9283933184',
)
[ info ] [ PARAM ] array (
)
[ info ] [ RUN ] app\admin\controller\Login->index[ F:\wamp64\www\tp8\application\admin\controller\Login.php ]
[ info ] [ SESSION ] INIT array (
  'id' => '',
  'var_session_id' => '',
  'prefix' => 'think',
  'type' => '',
  'auto_start' => true,
)
[ info ] [ VIEW ] F:\wamp64\www\tp8\public/../application/admin\view\login\index.html [ array (
) ]
[ info ] [ LOG ] INIT File
---------------------------------------------------------------
[ 2019-03-21T21:50:58+08:00 ] 127.0.0.1 GET /captcha
[ info ] www.tp5.com/captcha [运行时间：0.059461s][吞吐率：16.82req/s] [内存消耗：2,584.94kb] [文件加载：36]
[ info ] [ LANG ] F:\wamp64\www\tp8\thinkphp\lang\zh-cn.php
[ info ] [ ROUTE ] array (
  'type' => 'method',
  'method' => 
  array (
    0 => '\\think\\captcha\\CaptchaController',
    1 => 'index',
  ),
  'var' => 
  array (
  ),
)
[ info ] [ HEADER ] array (
  'host' => 'www.tp5.com',
  'connection' => 'keep-alive',
  'user-agent' => 'Mozilla/5.0 (Windows NT 10.0; WOW64) AppleWebKit/537.36 (KHTML, like Gecko) Chrome/72.0.3626.81 Safari/537.36',
  'accept' => 'image/webp,image/apng,image/*,*/*;q=0.8',
  'purpose' => 'prefetch',
  'referer' => 'http://www.tp5.com/admin/login/index',
  'accept-encoding' => 'gzip, deflate',
  'accept-language' => 'zh-CN,zh;q=0.9',
  'cookie' => 'pgv_pvi=9283933184; PHPSESSID=3kml1e2or3ui0eb2l15vsq09h5',
)
[ info ] [ PARAM ] array (
  'id' => NULL,
)
[ info ] [ RUN ] think\captcha\CaptchaController->index[ F:\wamp64\www\tp8\vendor\topthink\think-captcha\src\CaptchaController.php ]
[ info ] [ SESSION ] INIT array (
  'id' => '',
  'var_session_id' => '',
  'prefix' => 'think',
  'type' => '',
  'auto_start' => true,
)
[ info ] [ LOG ] INIT File
---------------------------------------------------------------
[ 2019-03-21T21:50:58+08:00 ] 127.0.0.1 GET /admin/login/index
[ info ] www.tp5.com/admin/login/index [运行时间：0.044737s][吞吐率：22.35req/s] [内存消耗：3,226.86kb] [文件加载：47]
[ info ] [ LANG ] F:\wamp64\www\tp8\thinkphp\lang\zh-cn.php
[ info ] [ ROUTE ] array (
  'type' => 'module',
  'module' => 
  array (
    0 => 'admin',
    1 => 'login',
    2 => 'index',
  ),
)
[ info ] [ HEADER ] array (
  'host' => 'www.tp5.com',
  'connection' => 'keep-alive',
  'upgrade-insecure-requests' => '1',
  'user-agent' => 'Mozilla/5.0 (Windows NT 10.0; WOW64) AppleWebKit/537.36 (KHTML, like Gecko) Chrome/72.0.3626.81 Safari/537.36',
  'accept' => 'text/html,application/xhtml+xml,application/xml;q=0.9,image/webp,image/apng,*/*;q=0.8',
  'accept-encoding' => 'gzip, deflate',
  'accept-language' => 'zh-CN,zh;q=0.9',
  'cookie' => 'pgv_pvi=9283933184; PHPSESSID=3kml1e2or3ui0eb2l15vsq09h5',
)
[ info ] [ PARAM ] array (
)
[ info ] [ RUN ] app\admin\controller\Login->index[ F:\wamp64\www\tp8\application\admin\controller\Login.php ]
[ info ] [ SESSION ] INIT array (
  'id' => '',
  'var_session_id' => '',
  'prefix' => 'think',
  'type' => '',
  'auto_start' => true,
)
[ info ] [ VIEW ] F:\wamp64\www\tp8\public/../application/admin\view\login\index.html [ array (
) ]
[ info ] [ LOG ] INIT File
---------------------------------------------------------------
[ 2019-03-21T21:50:58+08:00 ] 127.0.0.1 GET /captcha
[ info ] www.tp5.com/captcha [运行时间：0.071098s][吞吐率：14.07req/s] [内存消耗：2,584.58kb] [文件加载：36]
[ info ] [ LANG ] F:\wamp64\www\tp8\thinkphp\lang\zh-cn.php
[ info ] [ ROUTE ] array (
  'type' => 'method',
  'method' => 
  array (
    0 => '\\think\\captcha\\CaptchaController',
    1 => 'index',
  ),
  'var' => 
  array (
  ),
)
[ info ] [ HEADER ] array (
  'host' => 'www.tp5.com',
  'connection' => 'keep-alive',
  'user-agent' => 'Mozilla/5.0 (Windows NT 10.0; WOW64) AppleWebKit/537.36 (KHTML, like Gecko) Chrome/72.0.3626.81 Safari/537.36',
  'accept' => 'image/webp,image/apng,image/*,*/*;q=0.8',
  'referer' => 'http://www.tp5.com/admin/login/index',
  'accept-encoding' => 'gzip, deflate',
  'accept-language' => 'zh-CN,zh;q=0.9',
  'cookie' => 'pgv_pvi=9283933184; PHPSESSID=3kml1e2or3ui0eb2l15vsq09h5',
)
[ info ] [ PARAM ] array (
  'id' => NULL,
)
[ info ] [ RUN ] think\captcha\CaptchaController->index[ F:\wamp64\www\tp8\vendor\topthink\think-captcha\src\CaptchaController.php ]
[ info ] [ SESSION ] INIT array (
  'id' => '',
  'var_session_id' => '',
  'prefix' => 'think',
  'type' => '',
  'auto_start' => true,
)
[ info ] [ LOG ] INIT File
---------------------------------------------------------------
[ 2019-03-21T21:51:09+08:00 ] 127.0.0.1 POST /admin/login/login.html
[ info ] www.tp5.com/admin/login/login.html [运行时间：0.046068s][吞吐率：21.71req/s] [内存消耗：3,125.02kb] [文件加载：44]
[ info ] [ LANG ] F:\wamp64\www\tp8\thinkphp\lang\zh-cn.php
[ info ] [ ROUTE ] array (
  'type' => 'module',
  'module' => 
  array (
    0 => 'admin',
    1 => 'login',
    2 => 'login',
  ),
)
[ info ] [ HEADER ] array (
  'host' => 'www.tp5.com',
  'connection' => 'keep-alive',
  'content-length' => '51',
  'accept' => '*/*',
  'origin' => 'http://www.tp5.com',
  'x-requested-with' => 'XMLHttpRequest',
  'user-agent' => 'Mozilla/5.0 (Windows NT 10.0; WOW64) AppleWebKit/537.36 (KHTML, like Gecko) Chrome/72.0.3626.81 Safari/537.36',
  'content-type' => 'application/x-www-form-urlencoded; charset=UTF-8',
  'referer' => 'http://www.tp5.com/admin/login/index',
  'accept-encoding' => 'gzip, deflate',
  'accept-language' => 'zh-CN,zh;q=0.9',
  'cookie' => 'thinkphp_show_page_trace=0|0; pgv_pvi=9283933184; PHPSESSID=3kml1e2or3ui0eb2l15vsq09h5',
)
[ info ] [ PARAM ] array (
  'admin_name' => 'admin',
  'admin_password' => '123456',
  'verify' => 'ouyi6',
)
[ info ] [ RUN ] app\admin\controller\Login->login[ F:\wamp64\www\tp8\application\admin\controller\Login.php ]
[ info ] [ SESSION ] INIT array (
  'id' => '',
  'var_session_id' => '',
  'prefix' => 'think',
  'type' => '',
  'auto_start' => true,
)
[ info ] [ LOG ] INIT File
---------------------------------------------------------------
[ 2019-03-21T21:51:10+08:00 ] 127.0.0.1 GET /captcha
[ info ] www.tp5.com/captcha [运行时间：0.036868s][吞吐率：27.12req/s] [内存消耗：2,584.57kb] [文件加载：36]
[ info ] [ LANG ] F:\wamp64\www\tp8\thinkphp\lang\zh-cn.php
[ info ] [ ROUTE ] array (
  'type' => 'method',
  'method' => 
  array (
    0 => '\\think\\captcha\\CaptchaController',
    1 => 'index',
  ),
  'var' => 
  array (
  ),
)
[ info ] [ HEADER ] array (
  'host' => 'www.tp5.com',
  'connection' => 'keep-alive',
  'user-agent' => 'Mozilla/5.0 (Windows NT 10.0; WOW64) AppleWebKit/537.36 (KHTML, like Gecko) Chrome/72.0.3626.81 Safari/537.36',
  'accept' => 'image/webp,image/apng,image/*,*/*;q=0.8',
  'referer' => 'http://www.tp5.com/admin/login/index',
  'accept-encoding' => 'gzip, deflate',
  'accept-language' => 'zh-CN,zh;q=0.9',
  'cookie' => 'pgv_pvi=9283933184; PHPSESSID=3kml1e2or3ui0eb2l15vsq09h5',
)
[ info ] [ PARAM ] array (
  'id' => NULL,
)
[ info ] [ RUN ] think\captcha\CaptchaController->index[ F:\wamp64\www\tp8\vendor\topthink\think-captcha\src\CaptchaController.php ]
[ info ] [ SESSION ] INIT array (
  'id' => '',
  'var_session_id' => '',
  'prefix' => 'think',
  'type' => '',
  'auto_start' => true,
)
[ info ] [ LOG ] INIT File
---------------------------------------------------------------
[ 2019-03-21T21:51:14+08:00 ] 127.0.0.1 POST /admin/login/login.html
[ info ] www.tp5.com/admin/login/login.html [运行时间：0.036376s][吞吐率：27.49req/s] [内存消耗：3,125.02kb] [文件加载：44]
[ info ] [ LANG ] F:\wamp64\www\tp8\thinkphp\lang\zh-cn.php
[ info ] [ ROUTE ] array (
  'type' => 'module',
  'module' => 
  array (
    0 => 'admin',
    1 => 'login',
    2 => 'login',
  ),
)
[ info ] [ HEADER ] array (
  'host' => 'www.tp5.com',
  'connection' => 'keep-alive',
  'content-length' => '51',
  'accept' => '*/*',
  'origin' => 'http://www.tp5.com',
  'x-requested-with' => 'XMLHttpRequest',
  'user-agent' => 'Mozilla/5.0 (Windows NT 10.0; WOW64) AppleWebKit/537.36 (KHTML, like Gecko) Chrome/72.0.3626.81 Safari/537.36',
  'content-type' => 'application/x-www-form-urlencoded; charset=UTF-8',
  'referer' => 'http://www.tp5.com/admin/login/index',
  'accept-encoding' => 'gzip, deflate',
  'accept-language' => 'zh-CN,zh;q=0.9',
  'cookie' => 'thinkphp_show_page_trace=0|0; pgv_pvi=9283933184; PHPSESSID=3kml1e2or3ui0eb2l15vsq09h5',
)
[ info ] [ PARAM ] array (
  'admin_name' => 'admin',
  'admin_password' => '123456',
  'verify' => 'cujor',
)
[ info ] [ RUN ] app\admin\controller\Login->login[ F:\wamp64\www\tp8\application\admin\controller\Login.php ]
[ info ] [ SESSION ] INIT array (
  'id' => '',
  'var_session_id' => '',
  'prefix' => 'think',
  'type' => '',
  'auto_start' => true,
)
[ info ] [ LOG ] INIT File
---------------------------------------------------------------
[ 2019-03-21T21:51:16+08:00 ] 127.0.0.1 GET /captcha
[ info ] www.tp5.com/captcha [运行时间：0.054297s][吞吐率：18.42req/s] [内存消耗：2,584.70kb] [文件加载：36]
[ info ] [ LANG ] F:\wamp64\www\tp8\thinkphp\lang\zh-cn.php
[ info ] [ ROUTE ] array (
  'type' => 'method',
  'method' => 
  array (
    0 => '\\think\\captcha\\CaptchaController',
    1 => 'index',
  ),
  'var' => 
  array (
  ),
)
[ info ] [ HEADER ] array (
  'host' => 'www.tp5.com',
  'connection' => 'keep-alive',
  'user-agent' => 'Mozilla/5.0 (Windows NT 10.0; WOW64) AppleWebKit/537.36 (KHTML, like Gecko) Chrome/72.0.3626.81 Safari/537.36',
  'accept' => 'image/webp,image/apng,image/*,*/*;q=0.8',
  'referer' => 'http://www.tp5.com/admin/login/index',
  'accept-encoding' => 'gzip, deflate',
  'accept-language' => 'zh-CN,zh;q=0.9',
  'cookie' => 'pgv_pvi=9283933184; PHPSESSID=3kml1e2or3ui0eb2l15vsq09h5',
)
[ info ] [ PARAM ] array (
  'id' => NULL,
)
[ info ] [ RUN ] think\captcha\CaptchaController->index[ F:\wamp64\www\tp8\vendor\topthink\think-captcha\src\CaptchaController.php ]
[ info ] [ SESSION ] INIT array (
  'id' => '',
  'var_session_id' => '',
  'prefix' => 'think',
  'type' => '',
  'auto_start' => true,
)
[ info ] [ LOG ] INIT File
---------------------------------------------------------------
[ 2019-03-21T21:51:21+08:00 ] 127.0.0.1 POST /admin/login/login.html
[ info ] www.tp5.com/admin/login/login.html [运行时间：0.126620s][吞吐率：7.90req/s] [内存消耗：4,498.70kb] [文件加载：50]
[ info ] [ LANG ] F:\wamp64\www\tp8\thinkphp\lang\zh-cn.php
[ info ] [ ROUTE ] array (
  'type' => 'module',
  'module' => 
  array (
    0 => 'admin',
    1 => 'login',
    2 => 'login',
  ),
)
[ info ] [ HEADER ] array (
  'host' => 'www.tp5.com',
  'connection' => 'keep-alive',
  'content-length' => '51',
  'accept' => '*/*',
  'origin' => 'http://www.tp5.com',
  'x-requested-with' => 'XMLHttpRequest',
  'user-agent' => 'Mozilla/5.0 (Windows NT 10.0; WOW64) AppleWebKit/537.36 (KHTML, like Gecko) Chrome/72.0.3626.81 Safari/537.36',
  'content-type' => 'application/x-www-form-urlencoded; charset=UTF-8',
  'referer' => 'http://www.tp5.com/admin/login/index',
  'accept-encoding' => 'gzip, deflate',
  'accept-language' => 'zh-CN,zh;q=0.9',
  'cookie' => 'thinkphp_show_page_trace=0|0; pgv_pvi=9283933184; PHPSESSID=3kml1e2or3ui0eb2l15vsq09h5',
)
[ info ] [ PARAM ] array (
  'admin_name' => 'admin',
  'admin_password' => '123456',
  'verify' => 'j45ap',
)
[ info ] [ RUN ] app\admin\controller\Login->login[ F:\wamp64\www\tp8\application\admin\controller\Login.php ]
[ info ] [ SESSION ] INIT array (
  'id' => '',
  'var_session_id' => '',
  'prefix' => 'think',
  'type' => '',
  'auto_start' => true,
)
[ info ] [ DB ] INIT mysql
[ info ] [ LOG ] INIT File
[ sql ] [ DB ] CONNECT:[ UseTime:0.034616s ] mysql:host=127.0.0.1;dbname=tp5;charset=utf8
[ sql ] [ SQL ] SHOW COLUMNS FROM `shop_admin` [ RunTime:0.039604s ]
[ sql ] [ SQL ] SELECT * FROM `shop_admin` WHERE  `admin_name` = 'admin'  AND `admin_password` = '123456' LIMIT 1 [ RunTime:0.005567s ]
---------------------------------------------------------------
[ 2019-03-21T21:51:21+08:00 ] 127.0.0.1 GET /admin/goods/index.html
[ info ] www.tp5.com/admin/goods/index.html [运行时间：0.086025s][吞吐率：11.62req/s] [内存消耗：4,814.35kb] [文件加载：56]
[ info ] [ LANG ] F:\wamp64\www\tp8\thinkphp\lang\zh-cn.php
[ info ] [ ROUTE ] array (
  'type' => 'module',
  'module' => 
  array (
    0 => 'admin',
    1 => 'goods',
    2 => 'index',
  ),
)
[ info ] [ HEADER ] array (
  'host' => 'www.tp5.com',
  'connection' => 'keep-alive',
  'upgrade-insecure-requests' => '1',
  'user-agent' => 'Mozilla/5.0 (Windows NT 10.0; WOW64) AppleWebKit/537.36 (KHTML, like Gecko) Chrome/72.0.3626.81 Safari/537.36',
  'accept' => 'text/html,application/xhtml+xml,application/xml;q=0.9,image/webp,image/apng,*/*;q=0.8',
  'referer' => 'http://www.tp5.com/admin/login/index',
  'accept-encoding' => 'gzip, deflate',
  'accept-language' => 'zh-CN,zh;q=0.9',
  'cookie' => 'pgv_pvi=9283933184; PHPSESSID=3kml1e2or3ui0eb2l15vsq09h5',
)
[ info ] [ PARAM ] array (
)
[ info ] [ RUN ] app\admin\controller\Goods->index[ F:\wamp64\www\tp8\application\admin\controller\Goods.php ]
[ info ] [ SESSION ] INIT array (
  'id' => '',
  'var_session_id' => '',
  'prefix' => 'think',
  'type' => '',
  'auto_start' => true,
)
[ info ] [ DB ] INIT mysql
[ info ] [ VIEW ] F:\wamp64\www\tp8\public/../application/admin\view\goods\index.html [ array (
  0 => 'goods',
) ]
[ info ] [ LOG ] INIT File
[ sql ] [ DB ] CONNECT:[ UseTime:0.002785s ] mysql:host=127.0.0.1;dbname=tp5;charset=utf8
[ sql ] [ SQL ] SHOW COLUMNS FROM `shop_Goods` [ RunTime:0.001418s ]
[ sql ] [ SQL ] SELECT COUNT(*) AS tp_count FROM `shop_Goods` LIMIT 1 [ RunTime:0.002515s ]
[ sql ] [ SQL ] SELECT * FROM `shop_Goods` LIMIT 0,5 [ RunTime:0.000949s ]
---------------------------------------------------------------
[ 2019-03-21T21:51:23+08:00 ] 127.0.0.1 GET /admin/goods/goods_add.html
[ info ] www.tp5.com/admin/goods/goods_add.html [运行时间：0.041443s][吞吐率：24.13req/s] [内存消耗：3,247.38kb] [文件加载：47]
[ info ] [ LANG ] F:\wamp64\www\tp8\thinkphp\lang\zh-cn.php
[ info ] [ ROUTE ] array (
  'type' => 'module',
  'module' => 
  array (
    0 => 'admin',
    1 => 'goods',
    2 => 'goods_add',
  ),
)
[ info ] [ HEADER ] array (
  'host' => 'www.tp5.com',
  'connection' => 'keep-alive',
  'upgrade-insecure-requests' => '1',
  'user-agent' => 'Mozilla/5.0 (Windows NT 10.0; WOW64) AppleWebKit/537.36 (KHTML, like Gecko) Chrome/72.0.3626.81 Safari/537.36',
  'accept' => 'text/html,application/xhtml+xml,application/xml;q=0.9,image/webp,image/apng,*/*;q=0.8',
  'referer' => 'http://www.tp5.com/admin/goods/index.html',
  'accept-encoding' => 'gzip, deflate',
  'accept-language' => 'zh-CN,zh;q=0.9',
  'cookie' => 'thinkphp_show_page_trace=0|0; pgv_pvi=9283933184; PHPSESSID=3kml1e2or3ui0eb2l15vsq09h5',
)
[ info ] [ PARAM ] array (
)
[ info ] [ RUN ] app\admin\controller\Goods->goods_add[ F:\wamp64\www\tp8\application\admin\controller\Goods.php ]
[ info ] [ VIEW ] F:\wamp64\www\tp8\public/../application/admin\view\goods\goods_add.html [ array (
) ]
[ info ] [ LOG ] INIT File
---------------------------------------------------------------
[ 2019-03-21T21:51:24+08:00 ] 127.0.0.1 GET /admin/goods/index.html
[ info ] www.tp5.com/admin/goods/index.html [运行时间：0.064554s][吞吐率：15.49req/s] [内存消耗：4,814.58kb] [文件加载：56]
[ info ] [ LANG ] F:\wamp64\www\tp8\thinkphp\lang\zh-cn.php
[ info ] [ ROUTE ] array (
  'type' => 'module',
  'module' => 
  array (
    0 => 'admin',
    1 => 'goods',
    2 => 'index',
  ),
)
[ info ] [ HEADER ] array (
  'host' => 'www.tp5.com',
  'connection' => 'keep-alive',
  'upgrade-insecure-requests' => '1',
  'user-agent' => 'Mozilla/5.0 (Windows NT 10.0; WOW64) AppleWebKit/537.36 (KHTML, like Gecko) Chrome/72.0.3626.81 Safari/537.36',
  'accept' => 'text/html,application/xhtml+xml,application/xml;q=0.9,image/webp,image/apng,*/*;q=0.8',
  'referer' => 'http://www.tp5.com/admin/goods/goods_add.html',
  'accept-encoding' => 'gzip, deflate',
  'accept-language' => 'zh-CN,zh;q=0.9',
  'cookie' => 'thinkphp_show_page_trace=0|0; pgv_pvi=9283933184; PHPSESSID=3kml1e2or3ui0eb2l15vsq09h5',
)
[ info ] [ PARAM ] array (
)
[ info ] [ RUN ] app\admin\controller\Goods->index[ F:\wamp64\www\tp8\application\admin\controller\Goods.php ]
[ info ] [ SESSION ] INIT array (
  'id' => '',
  'var_session_id' => '',
  'prefix' => 'think',
  'type' => '',
  'auto_start' => true,
)
[ info ] [ DB ] INIT mysql
[ info ] [ VIEW ] F:\wamp64\www\tp8\public/../application/admin\view\goods\index.html [ array (
  0 => 'goods',
) ]
[ info ] [ LOG ] INIT File
[ sql ] [ DB ] CONNECT:[ UseTime:0.002980s ] mysql:host=127.0.0.1;dbname=tp5;charset=utf8
[ sql ] [ SQL ] SHOW COLUMNS FROM `shop_Goods` [ RunTime:0.001628s ]
[ sql ] [ SQL ] SELECT COUNT(*) AS tp_count FROM `shop_Goods` LIMIT 1 [ RunTime:0.000393s ]
[ sql ] [ SQL ] SELECT * FROM `shop_Goods` LIMIT 0,5 [ RunTime:0.000425s ]
